#
# There is insufficient memory for the Java Runtime Environment to continue.
# Native memory allocation (mmap) failed to map 134217728 bytes for G1 virtual space
# Possible reasons:
#   The system is out of physical RAM or swap space
#   The process is running with CompressedOops enabled, and the Java Heap may be blocking the growth of the native heap
# Possible solutions:
#   Reduce memory load on the system
#   Increase physical memory or swap space
#   Check if swap backing store is full
#   Decrease Java heap size (-Xmx/-Xms)
#   Decrease number of Java threads
#   Decrease Java thread stack sizes (-Xss)
#   Set larger code cache with -XX:ReservedCodeCacheSize=
#   JVM is running with Unscaled Compressed Oops mode in which the Java heap is
#     placed in the first 4GB address space. The Java Heap base address is the
#     maximum limit for the native heap growth. Please use -XX:HeapBaseMinAddress
#     to set the Java Heap base and to place the Java Heap above 4GB virtual address.
# This output file may be truncated or incomplete.
#
#  Out of Memory Error (./open/src/hotspot/os/windows/os_windows.cpp:3321), pid=812, tid=12456
#
# JRE version:  (15.0.2+7) (build )
# Java VM: Java HotSpot(TM) 64-Bit Server VM (15.0.2+7-27, mixed mode, sharing, tiered, compressed oops, g1 gc, windows-amd64)
# No core dump will be written. Minidumps are not enabled by default on client versions of Windows
#

---------------  S U M M A R Y ------------

Command Line: -Dclassworlds.conf=C:\JAVAdir\apache-maven-3.6.3\bin\..\bin\m2.conf -Dmaven.home=C:\JAVAdir\apache-maven-3.6.3\bin\.. -Dlibrary.jansi.path=C:\JAVAdir\apache-maven-3.6.3\bin\..\lib\jansi-native -Dmaven.multiModuleProjectDirectory=C:\Users\Konstantin\IdeaProjects\crudv4 org.codehaus.plexus.classworlds.launcher.Launcher flyway:clean

Host: Intel(R) Celeron(R) CPU G1820 @ 2.70GHz, 2 cores, 7G,  Windows 10 , 64 bit Build 19041 (10.0.19041.804)
Time: Fri Apr  9 12:52:51 2021 Томск (зима) elapsed time: 0.018643 seconds (0d 0h 0m 0s)

---------------  T H R E A D  ---------------

Current thread (0x000001c47f9e1080):  JavaThread "Unknown thread" [_thread_in_vm, id=12456, stack(0x0000000c61500000,0x0000000c61600000)]

Stack: [0x0000000c61500000,0x0000000c61600000]
Native frames: (J=compiled Java code, j=interpreted, Vv=VM code, C=native code)
V  [jvm.dll+0x62ae9a]
V  [jvm.dll+0x7817a9]
V  [jvm.dll+0x782f03]
V  [jvm.dll+0x783563]
V  [jvm.dll+0x216325]
V  [jvm.dll+0x6281d9]
V  [jvm.dll+0x61cf55]
V  [jvm.dll+0x2cffdd]
V  [jvm.dll+0x2cfe42]
V  [jvm.dll+0x2d5e1c]
V  [jvm.dll+0x32590a]
V  [jvm.dll+0x324fd4]
V  [jvm.dll+0x2a6f5a]
V  [jvm.dll+0x2a80f8]
V  [jvm.dll+0x75e241]
V  [jvm.dll+0x3341c4]
V  [jvm.dll+0x73e926]
V  [jvm.dll+0x3b7557]
V  [jvm.dll+0x3b8fe1]
C  [jli.dll+0x52fb]
C  [ucrtbase.dll+0x21bb2]
C  [KERNEL32.DLL+0x17034]
C  [ntdll.dll+0x52651]


---------------  P R O C E S S  ---------------

Threads class SMR info:
_java_thread_list=0x00007ffea14e4ff0, length=0, elements={
}

Java Threads: ( => current thread )

Other Threads:
  0x000001c47fa1dd70 GCTaskThread "GC Thread#0" [stack: 0x0000000c61600000,0x0000000c61700000] [id=13296]
  0x000001c47fa2eb00 ConcurrentGCThread "G1 Main Marker" [stack: 0x0000000c61700000,0x0000000c61800000] [id=5508]
  0x000001c47fa2fe90 ConcurrentGCThread "G1 Conc#0" [stack: 0x0000000c61800000,0x0000000c61900000] [id=7264]

[error occurred during error reporting (printing all threads), id 0xc0000005, EXCEPTION_ACCESS_VIOLATION (0xc0000005) at pc=0x00007ffea0cd7e27]

VM state: not at safepoint (not fully initialized)

VM Mutex/Monitor currently owned by a thread:  ([mutex/lock_event])
[0x000001c47f9db120] Heap_lock - owner thread: 0x000001c47f9e1080

Heap address: 0x0000000081e00000, size: 2018 MB, Compressed Oops mode: 32-bit
CDS archive(s) mapped at: [0x0000000000000000-0x0000000000000000-0x0000000000000000), size 0, SharedBaseAddress: 0x0000000800000000, ArchiveRelocationMode: 0.
Narrow klass base: 0x0000000000000000, Narrow klass shift: 0, Narrow klass range: 0x0

Heap:
 garbage-first heap   total 131072K, used 0K [0x0000000081e00000, 0x0000000100000000)
  region size 1024K, 0 young (0K), 0 survivors (0K)
 Metaspace       used 0K, capacity 0K, committed 0K, reserved 0K
  class space    used 0K, capacity 0K, committed 0K, reserved 0K

Heap Regions: E=young(eden), S=young(survivor), O=old, HS=humongous(starts), HC=humongous(continues), CS=collection set, F=free, OA=open archive, CA=closed archive, TAMS=top-at-mark-start (previous, next)

Card table byte_map: [0x000001c418da0000,0x000001c4191a0000] _byte_map_base: 0x000001c418991000

Marking Bits (Prev, Next): (CMBitMap*) 0x000001c47fa1e560, (CMBitMap*) 0x000001c47fa1e5a0
 Prev Bits: [0x000001c4195a0000, 0x000001c41b528000)
 Next Bits: [0x000001c41b530000, 0x000001c41d4b8000)

GC Heap History (0 events):
No events

Deoptimization events (0 events):
No events

Classes unloaded (0 events):
No events

Classes redefined (0 events):
No events

Internal exceptions (0 events):
No events

Events (1 events):
Event: 0.010 Loaded shared library C:\Program Files\Java\jdk-15.0.2\bin\java.dll


Dynamic libraries:
0x00007ff65b890000 - 0x00007ff65b89f000 	C:\Program Files\Java\jdk-15.0.2\bin\java.exe
0x00007ffeeacf0000 - 0x00007ffeeaee5000 	C:\WINDOWS\SYSTEM32\ntdll.dll
0x00007ffeeaba0000 - 0x00007ffeeac5d000 	C:\WINDOWS\System32\KERNEL32.DLL
0x00007ffee8630000 - 0x00007ffee88f9000 	C:\WINDOWS\System32\KERNELBASE.dll
0x00007ffee8900000 - 0x00007ffee8a00000 	C:\WINDOWS\System32\ucrtbase.dll
0x00007ffed8590000 - 0x00007ffed85a8000 	C:\Program Files\Java\jdk-15.0.2\bin\jli.dll
0x00007ffee8d50000 - 0x00007ffee8dfc000 	C:\WINDOWS\System32\ADVAPI32.dll
0x00007ffee97d0000 - 0x00007ffee986e000 	C:\WINDOWS\System32\msvcrt.dll
0x00007ffeea670000 - 0x00007ffeea70c000 	C:\WINDOWS\System32\sechost.dll
0x00007ffee9560000 - 0x00007ffee968b000 	C:\WINDOWS\System32\RPCRT4.dll
0x00007ffee9a20000 - 0x00007ffee9bc0000 	C:\WINDOWS\System32\USER32.dll
0x00007ffee8a00000 - 0x00007ffee8a22000 	C:\WINDOWS\System32\win32u.dll
0x00007ffeeac60000 - 0x00007ffeeac8a000 	C:\WINDOWS\System32\GDI32.dll
0x00007ffee8a30000 - 0x00007ffee8b3b000 	C:\WINDOWS\System32\gdi32full.dll
0x00007ffee8460000 - 0x00007ffee84fd000 	C:\WINDOWS\System32\msvcp_win.dll
0x00007ffed85b0000 - 0x00007ffed85c9000 	C:\Program Files\Java\jdk-15.0.2\bin\VCRUNTIME140.dll
0x00007ffed3e20000 - 0x00007ffed40ba000 	C:\WINDOWS\WinSxS\amd64_microsoft.windows.common-controls_6595b64144ccf1df_6.0.19041.844_none_ca00b6081b84eb1d\COMCTL32.dll
0x00007ffedd100000 - 0x00007ffedd10a000 	C:\WINDOWS\SYSTEM32\VERSION.dll
0x00007ffeea640000 - 0x00007ffeea670000 	C:\WINDOWS\System32\IMM32.DLL
0x00007ffedb6c0000 - 0x00007ffedb6cc000 	C:\Program Files\Java\jdk-15.0.2\bin\vcruntime140_1.dll
0x00007ffed5c80000 - 0x00007ffed5d11000 	C:\Program Files\Java\jdk-15.0.2\bin\msvcp140.dll
0x00007ffea0a20000 - 0x00007ffea157e000 	C:\Program Files\Java\jdk-15.0.2\bin\server\jvm.dll
0x00007ffeea340000 - 0x00007ffeea348000 	C:\WINDOWS\System32\PSAPI.DLL
0x00007ffed62b0000 - 0x00007ffed62b9000 	C:\WINDOWS\SYSTEM32\WSOCK32.dll
0x00007ffee9cf0000 - 0x00007ffee9d5b000 	C:\WINDOWS\System32\WS2_32.dll
0x00007ffed0b20000 - 0x00007ffed0b47000 	C:\WINDOWS\SYSTEM32\WINMM.dll
0x00007ffee7060000 - 0x00007ffee7072000 	C:\WINDOWS\SYSTEM32\kernel.appcore.dll
0x00007ffeda6f0000 - 0x00007ffeda6fa000 	C:\Program Files\Java\jdk-15.0.2\bin\jimage.dll
0x00007ffee0f50000 - 0x00007ffee1134000 	C:\WINDOWS\SYSTEM32\DBGHELP.DLL
0x00007ffee0f20000 - 0x00007ffee0f4c000 	C:\WINDOWS\SYSTEM32\dbgcore.DLL
0x00007ffee8500000 - 0x00007ffee8580000 	C:\WINDOWS\System32\bcryptPrimitives.dll
0x00007ffed8540000 - 0x00007ffed8565000 	C:\Program Files\Java\jdk-15.0.2\bin\java.dll

dbghelp: loaded successfully - version: 4.0.5 - missing functions: none
symbol engine: initialized successfully - sym options: 0x614 - pdb path: .;C:\Program Files\Java\jdk-15.0.2\bin;C:\WINDOWS\SYSTEM32;C:\WINDOWS\WinSxS\amd64_microsoft.windows.common-controls_6595b64144ccf1df_6.0.19041.844_none_ca00b6081b84eb1d;C:\Program Files\Java\jdk-15.0.2\bin\server

VM Arguments:
jvm_args: -Dclassworlds.conf=C:\JAVAdir\apache-maven-3.6.3\bin\..\bin\m2.conf -Dmaven.home=C:\JAVAdir\apache-maven-3.6.3\bin\.. -Dlibrary.jansi.path=C:\JAVAdir\apache-maven-3.6.3\bin\..\lib\jansi-native -Dmaven.multiModuleProjectDirectory=C:\Users\Konstantin\IdeaProjects\crudv4 
java_command: org.codehaus.plexus.classworlds.launcher.Launcher flyway:clean
java_class_path (initial): C:\JAVAdir\apache-maven-3.6.3\bin\..\boot\plexus-classworlds-2.6.0.jar
Launcher Type: SUN_STANDARD

[Global flags]
     intx CICompilerCount                          = 2                                         {product} {ergonomic}
     uint ConcGCThreads                            = 1                                         {product} {ergonomic}
     uint G1ConcRefinementThreads                  = 2                                         {product} {ergonomic}
   size_t G1HeapRegionSize                         = 1048576                                   {product} {ergonomic}
    uintx GCDrainStackTargetSize                   = 64                                        {product} {ergonomic}
   size_t InitialHeapSize                          = 134217728                                 {product} {ergonomic}
   size_t MarkStackSize                            = 4194304                                   {product} {ergonomic}
   size_t MaxHeapSize                              = 2116026368                                {product} {ergonomic}
   size_t MinHeapDeltaBytes                        = 1048576                                   {product} {ergonomic}
   size_t MinHeapSize                              = 8388608                                   {product} {ergonomic}
    uintx NonNMethodCodeHeapSize                   = 5826188                                {pd product} {ergonomic}
    uintx NonProfiledCodeHeapSize                  = 122916026                              {pd product} {ergonomic}
    uintx ProfiledCodeHeapSize                     = 122916026                              {pd product} {ergonomic}
    uintx ReservedCodeCacheSize                    = 251658240                              {pd product} {ergonomic}
     bool SegmentedCodeCache                       = true                                      {product} {ergonomic}
   size_t SoftMaxHeapSize                          = 2116026368                             {manageable} {ergonomic}
     bool UseCompressedClassPointers               = true                                 {lp64_product} {ergonomic}
     bool UseCompressedOops                        = true                                 {lp64_product} {ergonomic}
     bool UseG1GC                                  = true                                      {product} {ergonomic}
     bool UseLargePagesIndividualAllocation        = false                                  {pd product} {ergonomic}

Logging:
Log output configuration:
 #0: stdout all=warning uptime,level,tags
 #1: stderr all=off uptime,level,tags

Environment Variables:
JAVA_HOME=C:\Program Files\Java\jdk-15.0.2
PATH=C:\Program Files\Common Files\Oracle\Java\javapath;C:\WINDOWS\system32;C:\WINDOWS;C:\WINDOWS\System32\Wbem;C:\WINDOWS\System32\WindowsPowerShell\v1.0\;C:\WINDOWS\System32\OpenSSH\;C:\Program Files\Git\cmd;C:\Program Files\Graphviz\bin;C:\JAVAdir\apache-maven-3.6.3\bin;C:\Program Files\Java\jdk-15.0.2\bin;C:\Program Files\MySQL\MySQL Shell 8.0\bin\;C:\Users\Konstantin\AppData\Local\Microsoft\WindowsApps;C:\JAVAdir\apache-maven-3.6.3\bin;;C:\Program Files\liquibase
USERNAME=Konstantin
OS=Windows_NT
PROCESSOR_IDENTIFIER=Intel64 Family 6 Model 60 Stepping 3, GenuineIntel



---------------  S Y S T E M  ---------------

OS:
 Windows 10 , 64 bit Build 19041 (10.0.19041.804)
OS uptime: 9 days 15:32 hours

CPU: total 2 (initial active 2) (2 cores per cpu, 1 threads per core) family 6 model 60 stepping 3 microcode 0x27, cmov, cx8, fxsr, mmx, sse, sse2, sse3, ssse3, sse4.1, sse4.2, popcnt, clmul, erms, lzcnt, tsc, tscinvbit, clflush

Memory: 4k page, system-wide physical 8064M (1093M free)
TotalPageFile size 10112M (AvailPageFile size 49M)
current process WorkingSet (physical memory assigned to process): 9M, peak: 9M
current process commit charge ("private bytes"): 47M, peak: 175M

vm_info: Java HotSpot(TM) 64-Bit Server VM (15.0.2+7-27) for windows-amd64 JRE (15.0.2+7-27), built on Dec  7 2020 20:07:01 by "mach5one" with unknown MS VC++:1925

END.
